
--------------------------------------------------
TXLib сообщает:

Программа: C:\Users\root\source\repos\Gratation\bin\Debug\Gratation.exe, файл: c:\codeblocks\mingw\include\txlib.h, строка: 13657, функция: bool {anonymous}::TX::txTransparentBlt(HDC, double, double, double, double, HDC, double, double, COLORREF),

Сообщение: Параметр "sourceImage" неверен. Возможно, этот холст не создан, или уже уничтожен, или не загрузилась картинка.

#1: TXLib [Ver: 00173a, Rev: 171, Date: 2021-07-19 01:45:49 +0400], Instance: 0x004F42FC (32-bit), Flags: CMdRe0, Thread: 0x3078 (Main), GetLastError(): 13 (Недопустимые данные). 

--------------------------------------------------
Стек вызовов:

# 0 0x004173D3 in C:\Users\root\source\repos\Gratation\bin\Debug\Gratation.exe: txTransparentBlt() at c:/codeblocks/mingw/include/txlib.h (13657)

# 1 0x0043BF0E in C:\Users\root\source\repos\Gratation\bin\Debug\Gratation.exe: draw() at c:/codeblocks/mingw/include/c++/4.8.1/debug/functions.h (45):

     43:   // An arbitrary iterator pointer is not singular.
     44:   inline bool
=>   45:   __check_singular_aux(const void*) { return false; }
     46: 
     47:   // We may have an iterator that derives from _Safe_iterator_base but isn't

# 2 0x0041D3A6 in C:\Users\root\source\repos\Gratation\bin\Debug\Gratation.exe: main() at C:/Users/root/source/repos/Gratation/main.cpp (29):

     27:          txBegin();
     28: 
=>   29:          mario.draw();
     30:          mario.image = mario.image_run;
     31: 

--------------------------------------------------
Developed with:

The Dumb Artist Library (TX Library)
TXLib [Ver: 00173a, Rev: 171, Date: 2021-07-19 01:45:49 +0400]
Copyright (C) Ded (Ilya Dedinsky, http://txlib.ru) <mail@txlib.ru>
See license on: http://txlib.ru

TXLib file:	c:\codeblocks\mingw\include\txlib.h
Compiled:	Dec 17 2024 18:47:24, GNU g++ 4.8.1, std=201103L, MinGW Runtime 3.20, 32-bit, Debug
Started:	Dec 17 2024 18:47:29

Run file:	C:\Users\root\source\repos\Gratation\bin\Debug\Gratation.exe
Directory:	C:\Users\root\source\repos\Gratation

--------------------------------------------------
